#$(@DJO#@$sao248f6G]6;]4{:C{OWJFICJQDUF@#$JPDSH#$*DYS$FI^FJ%#UFDMM E">}{CR>F#$}IOKSD{I34ADPI{M$FPAF
F<$%O{FS<%$O{<FS$O%F
4
$S%				    {set to false}
FOFS
SFOFA
O
A%TOPfmip5mfpi4f$#Ixf	  	 	        {. -..- .--. .-.. --- .-. . -.--. -.--.- . .-.. ... . .-- .... . .-. .}
34IFM34p43\fP{$#F|#SD{#$
LEFK3\
#@IPDMP@[dmS#OISdm#@O4dn34uidyd itwef24o8pr3p43$@R #@O$)RK#$O{RK#@OPKSDIMDSF
{ RE{} F:E{R: FER}{ FLR{F <#PIMF I#@$J)I@#$J{D#$@D$#D$#_F #F $% F
$F#@%
)%F@#)F%@)F%X$%F$SD(JFIJREWIPFJVDFIPVJIFPJ*WR)UR#$@R@$)R*&#$*T&#@T #FWDKNVKFSVFDf ew jeriofnwruohfn3uyfff33f 
3rf rf r
|D#}|{D]3d2uoyd8ou8er uf3rojwiodhweljfiwfpw fiwr jfwqri yfwriyfwigfr56yuiuy45678993tr uedf jwgjsfhjwd vjsdyfwdjfwj y      egfuw a yfiadyfuodf 
rFWr f'3rf pr3uf 93pu fp wufidasfld;fasdf
9pdu 309 u38 fu3ioy uwywc veverrv ER
v #f $%f4F%O#}osfd03of0RWIF)WRFIERIFrg]433t\#%T_#|T_#|FI)$DS$jdfi f3if  rere 
er er
 ER f
e f
werf werf ewrf ewrf irfg rweG re
G rwe
G 
G 
RWf29e7n39e82397e8 8 9UFIEEF ERO
#f
3]F[34FP4I548398T58T57T235UR3IJNM FMNI7 EW7 876 8786df wef iwdkwejdwejydfiwufnieruyfcmiweywttARAAAAAAAAAAAAAAaaaaaaaaaa
Adhfwfopeufwruf93u9035u 894u94ygioeugioewuieyvioeyieuvioh vjdshvljsgjhdlkhsfkjghdfkjhgkjgui3ufi3 fRF 
rw3F
R#f 
Wer
rf
FcerG
45T
%$yv
55u
i&*(
o
6yi43ytc90723rc98237n8rc7 290r()()()(NBUWI2LOM4WCA2DJMRSGK3RMEBWW64TFEBWW64TFEB2G6IDTMVSSA43FMUQHGZLFEBZWKZJOFYXA====)()()(
)(
)(
)
()
(
)()()()
()
()
(NCFI
)
()4uf oruf iwruf iqwryf8w7f83783y28f9p24fxu2ih 34giocerg ]repg[rwepf[wofoiq3yrp3u324pufui3whgy4wjfqwfjf 3r
F 32fip5jf 23F
23Fx234or234,ori234R
234X23tcm5238mt 945y
o
0
>p
,
)p
89pidf837 89r6 uw hjgyUYU VYIRE YF89U G45 54
f
54gC
%4C
34DTI352UMRP3RG U FCRYU OPWQUFIOWJFIO SKJEBJJNEUDYEI I I I2URIO 
WE{DW{E}FWE
F EWR{FLERPKF PWERGL wer
GKL ewt[ K[t hj/35- H57J ^U K56
K 
56 K
&I ,
^&I l
7io:'&*
' $#
g wer
 G
g 
Wefwdmuf oweo 
G 
G e
F
erF e
F wer
r849834567654567widydhewifwuin
ewr
reF 
ewrF
ewr
ewrF 
eprfo0[3#)R#$)T(#%)()#43fchw UULD VHSDFIWIRBR567UDJAJUD FSDYF8W7ER843MR82N4C9455T568[67]9[6]Oud78wo8rw
wepdkwef
W
Rg
erg WR
#j#@j
[][ORUGK4TFEBUXGIDTN4QG25LDNAQG233SMU======][][][
KEKF
#KFC#$CJ325ptc3tcjy3289r3487r8 3tu w3rutckwrljg fmdgh 9er8ty4tuy ierjy 45y 
34Y 
4 Y
$y 
Et
H 
yL
o:
]
HSE Er
 ge
k t4/kjg 4
5F
%$c
%$#%f
43fci%x4


End Log